<?xml version="1.0" encoding="UTF-8"?>
<!-- Generated by org.testng.reporters.JUnitXMLReporter -->
<testsuite hostname="SYD840G335" ignored="0" name="Default test" tests="5" failures="0" timestamp="12 May 2019 15:11:02 GMT" time="23.879" errors="0">
  <testcase name="GetStatusLine" time="6.806" classname="getRequest.GetData"/>
  <testcase name="testResponseBody" time="2.913" classname="getRequest.GetData"/>
  <testcase name="testResponseCode" time="2.481" classname="getRequest.GetData"/>
  <testcase name="testResponsetime" time="6.184" classname="getRequest.GetData"/>
  <testcase name="teststatusHeader" time="5.422" classname="getRequest.GetData"/>
</testsuite> <!-- Default test -->
